  Exam.cpp
  Exam2.cpp
  Exam3.cpp
  Exam4.cpp
  Finalex.cpp
  Finalles.cpp
  HTMLCssTheory.cpp
  Lesson3.cpp
  Lesson4.cpp
  Login.cpp
C:\Users\Teodora\Desktop\New folder (3)\school-project-assignment-smartx\SmartX\Login.h(225,20): warning C4101: 'e': unreferenced local variable
C:\Users\Teodora\Desktop\New folder (3)\school-project-assignment-smartx\SmartX\Registration.h(310,20): warning C4101: 'e': unreferenced local variable
  Main.cpp
C:\Users\Teodora\Desktop\New folder (3)\school-project-assignment-smartx\SmartX\Login.h(225,20): warning C4101: 'e': unreferenced local variable
C:\Users\Teodora\Desktop\New folder (3)\school-project-assignment-smartx\SmartX\Registration.h(310,20): warning C4101: 'e': unreferenced local variable
  MainForm.cpp
  Register.cpp
  Registration.cpp
C:\Users\Teodora\Desktop\New folder (3)\school-project-assignment-smartx\SmartX\Login.h(225,20): warning C4101: 'e': unreferenced local variable
C:\Users\Teodora\Desktop\New folder (3)\school-project-assignment-smartx\SmartX\Registration.h(310,20): warning C4101: 'e': unreferenced local variable
  Generating Code...
  Exam.obj : MSIL module encountered; incremental linking is disabled for MSIL; performing full link
  SmartX.vcxproj -> C:\Users\Teodora\Desktop\New folder (3)\school-project-assignment-smartx\x64\Debug\SmartX.exe
